Using pre-set license
Built from '2020.3/staging' branch; Version is '2020.3.5f1 (8095aa901b9b) revision 8426922'; Using compiler version '192528614'; Build Type 'Release'
OS: 'Windows 10 Pro; OS build 19042.985; Version 2009; 64bit' Language: 'en' Physical Memory: 8066 MB
BatchMode: 1, IsHumanControllingUs: 0, StartBugReporterOnCrash: 0, Is64bit: 1, IsPro: 0

 COMMAND LINE ARGUMENTS:
C:\Program Files\Unity\Hub\Editor\2020.3.5f1\Editor\Unity.exe
-adb2
-batchMode
-noUpm
-name
AssetImportWorker0
-projectPath
D:/Codes/Unity/Jumpinhom
-logFile
Logs/AssetImportWorker0.log
-srvPort
56723
Successfully changed project path to: D:/Codes/Unity/Jumpinhom
D:/Codes/Unity/Jumpinhom
Using Asset Import Pipeline V2.
Refreshing native plugins compatible for Editor in 45.85 ms, found 1 plugins.
Preloading 0 native plugins for Editor in 0.00 ms.
Initialize engine version: 2020.3.5f1 (8095aa901b9b)
[Subsystems] Discovering subsystems at path C:/Program Files/Unity/Hub/Editor/2020.3.5f1/Editor/Data/Resources/UnitySubsystems
[Subsystems] Discovering subsystems at path D:/Codes/Unity/Jumpinhom/Assets
GfxDevice: creating device client; threaded=0
Direct3D:
    Version:  Direct3D 11.0 [level 11.1]
    Renderer: NVIDIA GeForce MX150 (ID=0x1d10)
    Vendor:   
    VRAM:     4027 MB
    Driver:   27.21.14.6627
Initialize mono
Mono path[0] = 'C:/Program Files/Unity/Hub/Editor/2020.3.5f1/Editor/Data/Managed'
Mono path[1] = 'C:/Program Files/Unity/Hub/Editor/2020.3.5f1/Editor/Data/MonoBleedingEdge/lib/mono/unityjit'
Mono config path = 'C:/Program Files/Unity/Hub/Editor/2020.3.5f1/Editor/Data/MonoBleedingEdge/etc'
Using monoOptions --debugger-agent=transport=dt_socket,embedding=1,server=y,suspend=n,address=127.0.0.1:56392
Begin MonoManager ReloadAssembly
Registering precompiled unity dll's ...
Register platform support module: C:/Program Files/Unity/Hub/Editor/2020.3.5f1/Editor/Data/PlaybackEngines/WebGLSupport/UnityEditor.WebGL.Extensions.dll
Register platform support module: C:/Program Files/Unity/Hub/Editor/2020.3.5f1/Editor/Data/PlaybackEngines/WindowsStandaloneSupport/UnityEditor.WindowsStandalone.Extensions.dll
Registered in 0.006417 seconds.
Native extension for WindowsStandalone target not found
Native extension for WebGL target not found
Refreshing native plugins compatible for Editor in 89.89 ms, found 1 plugins.
Preloading 0 native plugins for Editor in 0.00 ms.
Mono: successfully reloaded assembly
- Completed reload, in  3.655 seconds
Platform modules already initialized, skipping
Registering precompiled user dll's ...
Registered in 0.001594 seconds.
Begin MonoManager ReloadAssembly
Native extension for WindowsStandalone target not found
Native extension for WebGL target not found
Refreshing native plugins compatible for Editor in 89.28 ms, found 1 plugins.
Preloading 0 native plugins for Editor in 0.00 ms.
Mono: successfully reloaded assembly
- Completed reload, in  2.248 seconds
Platform modules already initialized, skipping
========================================================================
Worker process is ready to serve import requests
Launched and connected shader compiler UnityShaderCompiler.exe after 0.10 seconds
Refreshing native plugins compatible for Editor in 0.62 ms, found 1 plugins.
Preloading 0 native plugins for Editor in 0.00 ms.
Unloading 1833 Unused Serialized files (Serialized files now loaded: 0)
System memory in use before: 85.5 MB.
System memory in use after: 85.5 MB.

Unloading 24 unused Assets to reduce memory usage. Loaded Objects now: 2276.
Total: 3.816800 ms (FindLiveObjects: 0.291500 ms CreateObjectMapping: 0.138500 ms MarkObjects: 3.127100 ms  DeleteObjects: 0.257800 ms)

========================================================================
Received Import Request.
  path: Assets/Sprites/PlayerJump.png
  artifactKey: Guid(a44cfd8816de5624c9a76468b836d58c) Importer(815301076,1909f56bfc062723c751e8b465ee728b)
Start importing Assets/Sprites/PlayerJump.png using Guid(a44cfd8816de5624c9a76468b836d58c) Importer(815301076,1909f56bfc062723c751e8b465ee728b)  -> (artifact id: 'f58a7e0987a56887f6265760be6fe1e3') in 0.376050 seconds
  Import took 0.383506 seconds .

========================================================================
Received Import Request.
  Time since last request: 0.011397 seconds.
  path: Assets/Sprites/PlayerJump.png
  artifactKey: Guid(a44cfd8816de5624c9a76468b836d58c) Importer(815301076,1909f56bfc062723c751e8b465ee728b)
Start importing Assets/Sprites/PlayerJump.png using Guid(a44cfd8816de5624c9a76468b836d58c) Importer(815301076,1909f56bfc062723c751e8b465ee728b)  -> (artifact id: 'f58a7e0987a56887f6265760be6fe1e3') in 0.039456 seconds
  Import took 0.046712 seconds .

========================================================================
Received Import Request.
  Time since last request: 16.458714 seconds.
  path: Assets/Sprites/PlayerIdle.png
  artifactKey: Guid(8d1cd28ac2399bd48a79a10b0d317ace) Importer(815301076,1909f56bfc062723c751e8b465ee728b)
Start importing Assets/Sprites/PlayerIdle.png using Guid(8d1cd28ac2399bd48a79a10b0d317ace) Importer(815301076,1909f56bfc062723c751e8b465ee728b)  -> (artifact id: '28b085e4b222c54e1def967ee860080d') in 0.139287 seconds
  Import took 0.146120 seconds .

========================================================================
Received Import Request.
  Time since last request: 0.013196 seconds.
  path: Assets/Sprites/PlayerIdle.png
  artifactKey: Guid(8d1cd28ac2399bd48a79a10b0d317ace) Importer(815301076,1909f56bfc062723c751e8b465ee728b)
Start importing Assets/Sprites/PlayerIdle.png using Guid(8d1cd28ac2399bd48a79a10b0d317ace) Importer(815301076,1909f56bfc062723c751e8b465ee728b)  -> (artifact id: '28b085e4b222c54e1def967ee860080d') in 0.031302 seconds
  Import took 0.038787 seconds .

========================================================================
Received Import Request.
  Time since last request: 13.847345 seconds.
  path: Assets/Sprites/Palestine1.png
  artifactKey: Guid(6db973091f96e864ba9be908fabab8ed) Importer(815301076,1909f56bfc062723c751e8b465ee728b)
Start importing Assets/Sprites/Palestine1.png using Guid(6db973091f96e864ba9be908fabab8ed) Importer(815301076,1909f56bfc062723c751e8b465ee728b)  -> (artifact id: '4387721943ecfeeba56442e66b2ced1e') in 0.048863 seconds
  Import took 0.071393 seconds .

========================================================================
Received Import Request.
  Time since last request: 0.000990 seconds.
  path: Assets/Sprites/Palestine1.png
  artifactKey: Guid(6db973091f96e864ba9be908fabab8ed) Importer(815301076,1909f56bfc062723c751e8b465ee728b)
Start importing Assets/Sprites/Palestine1.png using Guid(6db973091f96e864ba9be908fabab8ed) Importer(815301076,1909f56bfc062723c751e8b465ee728b)  -> (artifact id: '4387721943ecfeeba56442e66b2ced1e') in 0.007340 seconds
  Import took 0.010564 seconds .

========================================================================
Received Import Request.
  Time since last request: 0.337425 seconds.
  path: Assets/Sprites/Palestine.png
  artifactKey: Guid(6fb8fd4fa3f7ca1419509f7d36f9d6c1) Importer(815301076,1909f56bfc062723c751e8b465ee728b)
Start importing Assets/Sprites/Palestine.png using Guid(6fb8fd4fa3f7ca1419509f7d36f9d6c1) Importer(815301076,1909f56bfc062723c751e8b465ee728b)  -> (artifact id: 'c27224fca616a1fa5f36a419425ec77b') in 0.033755 seconds
  Import took 0.066545 seconds .

========================================================================
Received Import Request.
  Time since last request: 0.008577 seconds.
  path: Assets/Sprites/Palestine.png
  artifactKey: Guid(6fb8fd4fa3f7ca1419509f7d36f9d6c1) Importer(815301076,1909f56bfc062723c751e8b465ee728b)
Start importing Assets/Sprites/Palestine.png using Guid(6fb8fd4fa3f7ca1419509f7d36f9d6c1) Importer(815301076,1909f56bfc062723c751e8b465ee728b)  -> (artifact id: 'c27224fca616a1fa5f36a419425ec77b') in 0.007672 seconds
  Import took 0.011716 seconds .

========================================================================
Received Import Request.
  Time since last request: 86.240557 seconds.
  path: Assets/Sprites/shay.png
  artifactKey: Guid(ed3f3b00bbbacee4cb42b846d59b9719) Importer(815301076,1909f56bfc062723c751e8b465ee728b)
Start importing Assets/Sprites/shay.png using Guid(ed3f3b00bbbacee4cb42b846d59b9719) Importer(815301076,1909f56bfc062723c751e8b465ee728b)  -> (artifact id: 'fce1ea6a8b90b65caa0aa0edddbaca66') in 0.015620 seconds
  Import took 0.020025 seconds .

========================================================================
Received Import Request.
  Time since last request: 0.018176 seconds.
  path: Assets/Sprites/shay.png
  artifactKey: Guid(ed3f3b00bbbacee4cb42b846d59b9719) Importer(815301076,1909f56bfc062723c751e8b465ee728b)
Start importing Assets/Sprites/shay.png using Guid(ed3f3b00bbbacee4cb42b846d59b9719) Importer(815301076,1909f56bfc062723c751e8b465ee728b)  -> (artifact id: 'fce1ea6a8b90b65caa0aa0edddbaca66') in 0.007560 seconds
  Import took 0.011305 seconds .

========================================================================
Received Import Request.
  Time since last request: 44.630009 seconds.
  path: Assets/Sprites/Enemy.png
  artifactKey: Guid(ed35367ca5ae15c41b2a0f037b7d3989) Importer(815301076,1909f56bfc062723c751e8b465ee728b)
Start importing Assets/Sprites/Enemy.png using Guid(ed35367ca5ae15c41b2a0f037b7d3989) Importer(815301076,1909f56bfc062723c751e8b465ee728b)  -> (artifact id: 'ddd40b53591d9618bb5b3ab6df14e0f4') in 0.024596 seconds
  Import took 0.028688 seconds .

========================================================================
Received Import Request.
  Time since last request: 0.009688 seconds.
  path: Assets/Sprites/Enemy.png
  artifactKey: Guid(ed35367ca5ae15c41b2a0f037b7d3989) Importer(815301076,1909f56bfc062723c751e8b465ee728b)
Start importing Assets/Sprites/Enemy.png using Guid(ed35367ca5ae15c41b2a0f037b7d3989) Importer(815301076,1909f56bfc062723c751e8b465ee728b)  -> (artifact id: 'ddd40b53591d9618bb5b3ab6df14e0f4') in 0.020065 seconds
  Import took 0.023349 seconds .

========================================================================
Received Prepare
Registering precompiled user dll's ...
Registered in 0.001613 seconds.
Begin MonoManager ReloadAssembly
Native extension for WindowsStandalone target not found
Native extension for WebGL target not found
Refreshing native plugins compatible for Editor in 0.64 ms, found 1 plugins.
Preloading 0 native plugins for Editor in 0.00 ms.
Mono: successfully reloaded assembly
- Completed reload, in  1.843 seconds
Platform modules already initialized, skipping
Switching build target platform(5) subTarget(0) extendedPlatform(0) -> platform(13) subTarget(537395200) extendedPlatform(0)
Refreshing native plugins compatible for Editor in 0.67 ms, found 1 plugins.
Preloading 0 native plugins for Editor in 0.00 ms.
Unloading 1831 Unused Serialized files (Serialized files now loaded: 0)
System memory in use before: 88.6 MB.
System memory in use after: 88.6 MB.

Unloading 12 unused Assets to reduce memory usage. Loaded Objects now: 2290.
Total: 4.102500 ms (FindLiveObjects: 0.324800 ms CreateObjectMapping: 0.138500 ms MarkObjects: 3.429800 ms  DeleteObjects: 0.207700 ms)

AssetImportParameters requested are different than current active one (requested -> active):
  custom:graphics/normal-map-encoding: 01000000000000000000000000000000 -> 02000000000000000000000000000000
========================================================================
Received Prepare
Registering precompiled user dll's ...
Registered in 0.001555 seconds.
Begin MonoManager ReloadAssembly
Native extension for WindowsStandalone target not found
Native extension for WebGL target not found
Refreshing native plugins compatible for Editor in 0.61 ms, found 1 plugins.
Preloading 0 native plugins for Editor in 0.00 ms.
Mono: successfully reloaded assembly
- Completed reload, in  2.435 seconds
Platform modules already initialized, skipping
Switching build target platform(5) subTarget(0) extendedPlatform(0) -> platform(13) subTarget(537395200) extendedPlatform(0)
Refreshing native plugins compatible for Editor in 0.63 ms, found 1 plugins.
Preloading 0 native plugins for Editor in 0.00 ms.
Unloading 1831 Unused Serialized files (Serialized files now loaded: 0)
System memory in use before: 88.6 MB.
System memory in use after: 88.6 MB.

Unloading 12 unused Assets to reduce memory usage. Loaded Objects now: 2294.
Total: 3.761100 ms (FindLiveObjects: 0.312000 ms CreateObjectMapping: 0.132100 ms MarkObjects: 3.122900 ms  DeleteObjects: 0.192200 ms)

AssetImportParameters requested are different than current active one (requested -> active):
  custom:graphics/normal-map-encoding: 01000000000000000000000000000000 -> 02000000000000000000000000000000
========================================================================
Received Prepare
Refreshing native plugins compatible for Editor in 4.00 ms, found 1 plugins.
Preloading 0 native plugins for Editor in 0.00 ms.
Unloading 10 Unused Serialized files (Serialized files now loaded: 0)
System memory in use before: 52.7 MB.
System memory in use after: 52.7 MB.

Unloading 10 unused Assets to reduce memory usage. Loaded Objects now: 2294.
Total: 4.585200 ms (FindLiveObjects: 0.345000 ms CreateObjectMapping: 0.142500 ms MarkObjects: 3.861200 ms  DeleteObjects: 0.234800 ms)

========================================================================
Received Prepare
Registering precompiled user dll's ...
Registered in 0.001521 seconds.
Begin MonoManager ReloadAssembly
Native extension for WindowsStandalone target not found
Native extension for WebGL target not found
Refreshing native plugins compatible for Editor in 0.43 ms, found 1 plugins.
Preloading 0 native plugins for Editor in 0.00 ms.
Mono: successfully reloaded assembly
- Completed reload, in  0.926 seconds
Platform modules already initialized, skipping
Refreshing native plugins compatible for Editor in 1.13 ms, found 1 plugins.
Preloading 0 native plugins for Editor in 0.00 ms.
Unloading 1827 Unused Serialized files (Serialized files now loaded: 0)
System memory in use before: 88.7 MB.
System memory in use after: 88.6 MB.

Unloading 12 unused Assets to reduce memory usage. Loaded Objects now: 2298.
Total: 4.144700 ms (FindLiveObjects: 0.338400 ms CreateObjectMapping: 0.136700 ms MarkObjects: 3.451700 ms  DeleteObjects: 0.215900 ms)

========================================================================
Received Prepare
Refreshing native plugins compatible for Editor in 2.35 ms, found 1 plugins.
Preloading 0 native plugins for Editor in 0.00 ms.
Unloading 10 Unused Serialized files (Serialized files now loaded: 0)
System memory in use before: 52.8 MB.
System memory in use after: 52.7 MB.

Unloading 10 unused Assets to reduce memory usage. Loaded Objects now: 2298.
Total: 2.686500 ms (FindLiveObjects: 0.214700 ms CreateObjectMapping: 0.086700 ms MarkObjects: 2.255200 ms  DeleteObjects: 0.126900 ms)

========================================================================
Received Prepare
Refreshing native plugins compatible for Editor in 1.30 ms, found 1 plugins.
Preloading 0 native plugins for Editor in 0.00 ms.
Unloading 10 Unused Serialized files (Serialized files now loaded: 0)
System memory in use before: 52.8 MB.
System memory in use after: 52.7 MB.

Unloading 10 unused Assets to reduce memory usage. Loaded Objects now: 2298.
Total: 2.407500 ms (FindLiveObjects: 0.235800 ms CreateObjectMapping: 0.094200 ms MarkObjects: 1.961200 ms  DeleteObjects: 0.115000 ms)

========================================================================
Received Prepare
Refreshing native plugins compatible for Editor in 2.82 ms, found 1 plugins.
Preloading 0 native plugins for Editor in 0.00 ms.
Unloading 10 Unused Serialized files (Serialized files now loaded: 0)
System memory in use before: 52.8 MB.
System memory in use after: 52.7 MB.

Unloading 10 unused Assets to reduce memory usage. Loaded Objects now: 2298.
Total: 5.509700 ms (FindLiveObjects: 0.351200 ms CreateObjectMapping: 0.121200 ms MarkObjects: 4.807100 ms  DeleteObjects: 0.227300 ms)

AssetImportWorkerClient::OnTransportError - code=2 error=End of file
